<?xml version="1.0" encoding="UTF-8"?>
<!-- Generated by org.testng.reporters.JUnitXMLReporter -->
<testsuite ignored="0" hostname="BEAVERG" failures="1" tests="1" name="Tests" time="18.691" errors="0" timestamp="2023-04-06T03:28:00 MSK">
  <testcase classname="test.VirtKeyTests" name="t07_writeTextWithoutShiftInRussian" time="14.142">
    <failure type="java.lang.AssertionError" message="expected [ё1234567890-=йцуке нгшщзхъ
фывапролджэ\ячсмитьбю.] but found [`1234567890-=qwert yuiop[]
asdfghjkl;&amp;apos;\zxcvbnm,..]">
      <![CDATA[java.lang.AssertionError: expected [ё1234567890-=йцуке нгшщзхъ
фывапролджэ\ячсмитьбю.] but found [`1234567890-=qwert yuiop[]
asdfghjkl;'\zxcvbnm,..]
at test.VirtKeyTests.t07_writeTextWithoutShiftInRussian(VirtKeyTests.java:90)
at java.base/java.util.ArrayList.forEach(ArrayList.java:1511)
... Removed 37 stack frames]]>
    </failure>
  </testcase> <!-- t07_writeTextWithoutShiftInRussian -->
</testsuite> <!-- Tests -->
