<?xml version="1.0" encoding="UTF-8"?>
<testng-results ignored="0" total="1" passed="0" failed="1" skipped="0">
  <reporter-output>
  </reporter-output>
  <suite started-at="2023-04-06T03:27:41 MSK" name="Tests" finished-at="2023-04-06T03:28:00 MSK" duration-ms="18691">
    <groups>
    </groups>
    <test started-at="2023-04-06T03:27:41 MSK" name="Tests" finished-at="2023-04-06T03:28:00 MSK" duration-ms="18691">
      <class name="test.VirtKeyTests">
        <test-method is-config="true" signature="browseSetUp()[pri:0, instance:test.VirtKeyTests@188715b5]" started-at="2023-04-06T03:27:41 MSK" name="browseSetUp" finished-at="2023-04-06T03:27:45 MSK" duration-ms="3577" status="PASS">
          <reporter-output>
          </reporter-output>
        </test-method> <!-- browseSetUp -->
        <test-method signature="t07_writeTextWithoutShiftInRussian()[pri:0, instance:test.VirtKeyTests@188715b5]" started-at="2023-04-06T03:27:45 MSK" name="t07_writeTextWithoutShiftInRussian" description="Write text without Shift in Russian test" finished-at="2023-04-06T03:27:59 MSK" duration-ms="14142" status="FAIL">
          <exception class="java.lang.AssertionError">
            <message>
              <![CDATA[expected [ё1234567890-=йцуке нгшщзхъ
фывапролджэ\ячсмитьбю.] but found [`1234567890-=qwert yuiop[]
asdfghjkl;'\zxcvbnm,..]]]>
            </message>
            <full-stacktrace>
              <![CDATA[java.lang.AssertionError: expected [ё1234567890-=йцуке нгшщзхъ
фывапролджэ\ячсмитьбю.] but found [`1234567890-=qwert yuiop[]
asdfghjkl;'\zxcvbnm,..]
at org.testng.Assert.fail(Assert.java:110)
at org.testng.Assert.failNotEquals(Assert.java:1413)
at org.testng.Assert.assertEqualsImpl(Assert.java:149)
at org.testng.Assert.assertEquals(Assert.java:131)
at org.testng.Assert.assertEquals(Assert.java:655)
at org.testng.Assert.assertEquals(Assert.java:665)
at test.VirtKeyTests.t07_writeTextWithoutShiftInRussian(VirtKeyTests.java:90)
at java.base/jdk.internal.reflect.NativeMethodAccessorImpl.invoke0(Native Method)
at java.base/jdk.internal.reflect.NativeMethodAccessorImpl.invoke(NativeMethodAccessorImpl.java:77)
at java.base/jdk.internal.reflect.DelegatingMethodAccessorImpl.invoke(DelegatingMethodAccessorImpl.java:43)
at java.base/java.lang.reflect.Method.invoke(Method.java:568)
at org.testng.internal.invokers.MethodInvocationHelper.invokeMethod(MethodInvocationHelper.java:139)
at org.testng.internal.invokers.TestInvoker.invokeMethod(TestInvoker.java:677)
at org.testng.internal.invokers.TestInvoker.invokeTestMethod(TestInvoker.java:221)
at org.testng.internal.invokers.MethodRunner.runInSequence(MethodRunner.java:50)
at org.testng.internal.invokers.TestInvoker$MethodInvocationAgent.invoke(TestInvoker.java:962)
at org.testng.internal.invokers.TestInvoker.invokeTestMethods(TestInvoker.java:194)
at org.testng.internal.invokers.TestMethodWorker.invokeTestMethods(TestMethodWorker.java:148)
at org.testng.internal.invokers.TestMethodWorker.run(TestMethodWorker.java:128)
at java.base/java.util.ArrayList.forEach(ArrayList.java:1511)
at org.testng.TestRunner.privateRun(TestRunner.java:806)
at org.testng.TestRunner.run(TestRunner.java:601)
at org.testng.SuiteRunner.runTest(SuiteRunner.java:433)
at org.testng.SuiteRunner.runSequentially(SuiteRunner.java:427)
at org.testng.SuiteRunner.privateRun(SuiteRunner.java:387)
at org.testng.SuiteRunner.run(SuiteRunner.java:330)
at org.testng.SuiteRunnerWorker.runSuite(SuiteRunnerWorker.java:52)
at org.testng.SuiteRunnerWorker.run(SuiteRunnerWorker.java:95)
at org.testng.TestNG.runSuitesSequentially(TestNG.java:1256)
at org.testng.TestNG.runSuitesLocally(TestNG.java:1176)
at org.testng.TestNG.runSuites(TestNG.java:1099)
at org.testng.TestNG.run(TestNG.java:1067)
at org.apache.maven.surefire.testng.TestNGExecutor.run(TestNGExecutor.java:324)
at org.apache.maven.surefire.testng.TestNGXmlTestSuite.execute(TestNGXmlTestSuite.java:74)
at org.apache.maven.surefire.testng.TestNGProvider.invoke(TestNGProvider.java:123)
at org.apache.maven.surefire.booter.ForkedBooter.runSuitesInProcess(ForkedBooter.java:456)
at org.apache.maven.surefire.booter.ForkedBooter.execute(ForkedBooter.java:169)
at org.apache.maven.surefire.booter.ForkedBooter.run(ForkedBooter.java:595)
at org.apache.maven.surefire.booter.ForkedBooter.main(ForkedBooter.java:581)
]]>
            </full-stacktrace>
          </exception> <!-- java.lang.AssertionError -->
          <reporter-output>
          </reporter-output>
        </test-method> <!-- t07_writeTextWithoutShiftInRussian -->
        <test-method is-config="true" signature="browserExit()[pri:0, instance:test.VirtKeyTests@188715b5]" started-at="2023-04-06T03:27:59 MSK" name="browserExit" finished-at="2023-04-06T03:28:00 MSK" duration-ms="861" status="PASS">
          <reporter-output>
          </reporter-output>
        </test-method> <!-- browserExit -->
      </class> <!-- test.VirtKeyTests -->
    </test> <!-- Tests -->
  </suite> <!-- Tests -->
</testng-results>
